<?xml version="1.0" encoding="UTF-8"?>
<!-- Generated by org.testng.reporters.JUnitReportReporter -->
<testsuite hostname="SKY-20150821CXM" name="com.lls.jentestng.NewTest" tests="1" failures="0" timestamp="22 Dec 2016 01:36:43 GMT" time="0.008" errors="0">
  <testcase name="f" time="0.008" classname="com.lls.jentestng.NewTest"/>
</testsuite> <!-- com.lls.jentestng.NewTest -->
